<?xml version="1.0" encoding="UTF-8"?>
<testsuite name="org.example.lab6_2.Lab62ApplicationTests" tests="1" skipped="0" failures="0" errors="0" timestamp="2025-03-23T16:20:31.588Z" hostname="MATEBOOK14AMD" time="0.62">
  <properties/>
  <testcase name="contextLoads()" classname="org.example.lab6_2.Lab62ApplicationTests" time="0.62"/>
  <system-out><![CDATA[23:20:25.418 [Test worker] INFO org.springframework.test.context.support.AnnotationConfigContextLoaderUtils -- Could not detect default configuration classes for test class [org.example.lab6_2.Lab62ApplicationTests]: Lab62ApplicationTests does not declare any static, non-private, non-final, nested classes annotated with @Configuration.
23:20:25.578 [Test worker] INFO org.springframework.boot.test.context.SpringBootTestContextBootstrapper -- Found @SpringBootConfiguration org.example.lab6_2.Lab62Application for test class org.example.lab6_2.Lab62ApplicationTests

  .   ____          _            __ _ _
 /\\ / ___'_ __ _ _(_)_ __  __ _ \ \ \ \
( ( )\___ | '_ | '_| | '_ \/ _` | \ \ \ \
 \\/  ___)| |_)| | | | | || (_| |  ) ) ) )
  '  |____| .__|_| |_|_| |_\__, | / / / /
 =========|_|==============|___/=/_/_/_/

 :: Spring Boot ::                (v3.4.4)

2025-03-23T23:20:26.230+07:00  INFO 9436 --- [lab6_2] [    Test worker] o.example.lab6_2.Lab62ApplicationTests   : Starting Lab62ApplicationTests using Java 21.0.6 with PID 9436 (started by slavi in C:\lab6_2)
2025-03-23T23:20:26.233+07:00  INFO 9436 --- [lab6_2] [    Test worker] o.example.lab6_2.Lab62ApplicationTests   : No active profile set, falling back to 1 default profile: "default"
2025-03-23T23:20:27.121+07:00  INFO 9436 --- [lab6_2] [    Test worker] .s.d.r.c.RepositoryConfigurationDelegate : Bootstrapping Spring Data JPA repositories in DEFAULT mode.
2025-03-23T23:20:27.205+07:00  INFO 9436 --- [lab6_2] [    Test worker] .s.d.r.c.RepositoryConfigurationDelegate : Finished Spring Data repository scanning in 68 ms. Found 1 JPA repository interface.
2025-03-23T23:20:27.889+07:00  INFO 9436 --- [lab6_2] [    Test worker] o.hibernate.jpa.internal.util.LogHelper  : HHH000204: Processing PersistenceUnitInfo [name: default]
2025-03-23T23:20:27.990+07:00  INFO 9436 --- [lab6_2] [    Test worker] org.hibernate.Version                    : HHH000412: Hibernate ORM core version 6.6.11.Final
2025-03-23T23:20:28.045+07:00  INFO 9436 --- [lab6_2] [    Test worker] o.h.c.internal.RegionFactoryInitiator    : HHH000026: Second-level cache disabled
2025-03-23T23:20:28.474+07:00  INFO 9436 --- [lab6_2] [    Test worker] o.s.o.j.p.SpringPersistenceUnitInfo      : No LoadTimeWeaver setup: ignoring JPA class transformer
2025-03-23T23:20:28.527+07:00  INFO 9436 --- [lab6_2] [    Test worker] com.zaxxer.hikari.HikariDataSource       : HikariPool-1 - Starting...
2025-03-23T23:20:29.129+07:00  INFO 9436 --- [lab6_2] [    Test worker] com.zaxxer.hikari.pool.HikariPool        : HikariPool-1 - Added connection org.postgresql.jdbc.PgConnection@56cd5d76
2025-03-23T23:20:29.133+07:00  INFO 9436 --- [lab6_2] [    Test worker] com.zaxxer.hikari.HikariDataSource       : HikariPool-1 - Start completed.
2025-03-23T23:20:29.235+07:00  INFO 9436 --- [lab6_2] [    Test worker] org.hibernate.orm.connections.pooling    : HHH10001005: Database info:
	Database JDBC URL [Connecting through datasource 'HikariDataSource (HikariPool-1)']
	Database driver: undefined/unknown
	Database version: 16.8
	Autocommit mode: undefined/unknown
	Isolation level: undefined/unknown
	Minimum pool size: undefined/unknown
	Maximum pool size: undefined/unknown
2025-03-23T23:20:30.423+07:00  INFO 9436 --- [lab6_2] [    Test worker] o.h.e.t.j.p.i.JtaPlatformInitiator       : HHH000489: No JTA platform available (set 'hibernate.transaction.jta.platform' to enable JTA platform integration)
2025-03-23T23:20:30.491+07:00  INFO 9436 --- [lab6_2] [    Test worker] j.LocalContainerEntityManagerFactoryBean : Initialized JPA EntityManagerFactory for persistence unit 'default'
2025-03-23T23:20:31.019+07:00  WARN 9436 --- [lab6_2] [    Test worker] JpaBaseConfiguration$JpaWebConfiguration : spring.jpa.open-in-view is enabled by default. Therefore, database queries may be performed during view rendering. Explicitly configure spring.jpa.open-in-view to disable this warning
2025-03-23T23:20:31.562+07:00  INFO 9436 --- [lab6_2] [    Test worker] o.example.lab6_2.Lab62ApplicationTests   : Started Lab62ApplicationTests in 5.729 seconds (process running for 7.54)
]]></system-out>
  <system-err><![CDATA[Mockito is currently self-attaching to enable the inline-mock-maker. This will no longer work in future releases of the JDK. Please add Mockito as an agent to your build what is described in Mockito's documentation: https://javadoc.io/doc/org.mockito/mockito-core/latest/org/mockito/Mockito.html#0.3
WARNING: A Java agent has been loaded dynamically (C:\Users\slavi\.gradle\caches\modules-2\files-2.1\net.bytebuddy\byte-buddy-agent\1.15.11\a38b16385e867f59a641330f0362ebe742788ed8\byte-buddy-agent-1.15.11.jar)
WARNING: If a serviceability tool is in use, please run with -XX:+EnableDynamicAgentLoading to hide this warning
WARNING: If a serviceability tool is not in use, please run with -Djdk.instrument.traceUsage for more information
WARNING: Dynamic loading of agents will be disallowed by default in a future release
]]></system-err>
</testsuite>
