<?xml version="1.0" encoding="UTF-8"?>
<testsuite name="com.example.demo.controller.CommentControllerTest" tests="7" skipped="0" failures="0" errors="0" timestamp="2025-03-30T09:35:01" hostname="DESKTOP-6ATN8C2" time="1.952">
  <properties/>
  <testcase name="testDeleteComment()" classname="com.example.demo.controller.CommentControllerTest" time="1.728"/>
  <testcase name="testGetCommentById_NotFound()" classname="com.example.demo.controller.CommentControllerTest" time="0.043"/>
  <testcase name="testCreateComment_InvalidInput()" classname="com.example.demo.controller.CommentControllerTest" time="0.066"/>
  <testcase name="testCreateComment()" classname="com.example.demo.controller.CommentControllerTest" time="0.057"/>
  <testcase name="testGetCommentById_Found()" classname="com.example.demo.controller.CommentControllerTest" time="0.014"/>
  <testcase name="testUpdateComment()" classname="com.example.demo.controller.CommentControllerTest" time="0.015"/>
  <testcase name="testGetAllComments()" classname="com.example.demo.controller.CommentControllerTest" time="0.021"/>
  <system-out><![CDATA[16:35:03.057 [Test worker] INFO org.hibernate.validator.internal.util.Version -- HV000001: Hibernate Validator 8.0.1.Final
16:35:03.437 [Test worker] INFO org.springframework.mock.web.MockServletContext -- Initializing Spring TestDispatcherServlet ''
16:35:03.437 [Test worker] INFO org.springframework.test.web.servlet.TestDispatcherServlet -- Initializing Servlet ''
16:35:03.441 [Test worker] INFO org.springframework.test.web.servlet.TestDispatcherServlet -- Completed initialization in 3 ms
16:35:03.527 [Test worker] INFO com.example.demo.controller.CommentController -- Deleting comment with id: 1
16:35:03.581 [Test worker] INFO org.springframework.mock.web.MockServletContext -- Initializing Spring TestDispatcherServlet ''
16:35:03.582 [Test worker] INFO org.springframework.test.web.servlet.TestDispatcherServlet -- Initializing Servlet ''
16:35:03.582 [Test worker] INFO org.springframework.test.web.servlet.TestDispatcherServlet -- Completed initialization in 0 ms
16:35:03.583 [Test worker] INFO com.example.demo.controller.CommentController -- Getting comment with id: 1
16:35:03.626 [Test worker] INFO org.springframework.mock.web.MockServletContext -- Initializing Spring TestDispatcherServlet ''
16:35:03.627 [Test worker] INFO org.springframework.test.web.servlet.TestDispatcherServlet -- Initializing Servlet ''
16:35:03.627 [Test worker] INFO org.springframework.test.web.servlet.TestDispatcherServlet -- Completed initialization in 0 ms
16:35:03.678 [Test worker] INFO com.example.demo.controller.CommentController -- Creating new comment: com.example.demo.model.Comment@203e705e
16:35:03.694 [Test worker] INFO org.springframework.mock.web.MockServletContext -- Initializing Spring TestDispatcherServlet ''
16:35:03.694 [Test worker] INFO org.springframework.test.web.servlet.TestDispatcherServlet -- Initializing Servlet ''
16:35:03.694 [Test worker] INFO org.springframework.test.web.servlet.TestDispatcherServlet -- Completed initialization in 0 ms
16:35:03.701 [Test worker] INFO com.example.demo.controller.CommentController -- Creating new comment: com.example.demo.model.Comment@72c4a3aa
16:35:03.750 [Test worker] INFO org.springframework.mock.web.MockServletContext -- Initializing Spring TestDispatcherServlet ''
16:35:03.750 [Test worker] INFO org.springframework.test.web.servlet.TestDispatcherServlet -- Initializing Servlet ''
16:35:03.750 [Test worker] INFO org.springframework.test.web.servlet.TestDispatcherServlet -- Completed initialization in 0 ms
16:35:03.752 [Test worker] INFO com.example.demo.controller.CommentController -- Getting comment with id: 1
16:35:03.763 [Test worker] INFO org.springframework.mock.web.MockServletContext -- Initializing Spring TestDispatcherServlet ''
16:35:03.763 [Test worker] INFO org.springframework.test.web.servlet.TestDispatcherServlet -- Initializing Servlet ''
16:35:03.764 [Test worker] INFO org.springframework.test.web.servlet.TestDispatcherServlet -- Completed initialization in 1 ms
16:35:03.767 [Test worker] INFO com.example.demo.controller.CommentController -- Updating comment with id: 1
16:35:03.779 [Test worker] INFO org.springframework.mock.web.MockServletContext -- Initializing Spring TestDispatcherServlet ''
16:35:03.779 [Test worker] INFO org.springframework.test.web.servlet.TestDispatcherServlet -- Initializing Servlet ''
16:35:03.779 [Test worker] INFO org.springframework.test.web.servlet.TestDispatcherServlet -- Completed initialization in 0 ms
16:35:03.781 [Test worker] INFO com.example.demo.controller.CommentController -- Getting all comments
]]></system-out>
  <system-err><![CDATA[WARNING: A Java agent has been loaded dynamically (C:\workers\caches\modules-2\files-2.1\net.bytebuddy\byte-buddy-agent\1.14.11\f9cb566608fbac6bc7bf54901a7aa11543a989ee\byte-buddy-agent-1.14.11.jar)
WARNING: If a serviceability tool is in use, please run with -XX:+EnableDynamicAgentLoading to hide this warning
WARNING: If a serviceability tool is not in use, please run with -Djdk.instrument.traceUsage for more information
WARNING: Dynamic loading of agents will be disallowed by default in a future release
]]></system-err>
</testsuite>
